May 27 21:45 : exception: Failed to open '/home/isaias/.mpd/mpdstate': No such file or directory
May 27 21:45 : update: added _Music.zip/A Santidade Eu Vou Buscar.mp3
May 27 21:45 : update: added _Music.zip/A Tua Ternura.mp3
May 27 21:45 : update: added _Music.zip/Abro as Portas.mp3
May 27 21:45 : update: added _Music.zip/Adoração e vida  Ft. Davidson Silva - Adoração e vida.mp3
May 27 21:45 : update: added _Music.zip/Agora Te Vejo.mp3
May 27 21:45 : update: added _Music.zip/Algo Novo (COM LETRA) - Jeyzer Maia feat. Jairo Bonfim - Kemuel feat. Lukas Agustinho.mp3
May 27 21:45 : update: added _Music.zip/Bem-Aventurados os Misericordiosos (Hino Oficial da JMJ Cracóvia 2016).mp3
May 27 21:45 : update: added _Music.zip/Davidson Silva - Como Tu Não Há.mp3
May 27 21:45 : update: added _Music.zip/Diante da Tua Cruz.mp3
May 27 21:45 : update: added _Music.zip/Eis Que Surge.mp3
May 27 21:45 : update: added _Music.zip/Eterna União.mp3
May 27 21:45 : update: added _Music.zip/Existe um louvor - Davidson Silva - CD Tomé.mp3
May 27 21:45 : update: added _Music.zip/Faz Repousar.mp3
May 27 21:45 : update: added _Music.zip/Louvor dos Pequenos | Cantai a Deus com Alegria 2023.mp3
May 27 21:45 : update: added _Music.zip/Ministério Adoração e Vida - Brilhará.mp3
May 27 21:45 : update: added _Music.zip/Quem É Essa.mp3
May 27 21:45 : update: added _Music.zip/Sabedoria de Deus.mp3
May 27 21:45 : update: added _Music.zip/Scars leave beautiful trace.mp3
May 27 21:45 : update: added _Music.zip/Simples José | Eugênio Jorge.mp3
May 27 21:45 : update: added _Music.zip/Supercombo - Piloto Automático (Clipe Oficial).mp3
May 27 21:45 : update: added _Music.zip/Só por Amor a Ti.mp3
May 27 21:45 : update: added _Music.zip/Walmir Alencar - A esperança.mp3
May 27 21:45 : update: added _Music.zip/Walmir Alencar - Cenáculo de amor.mp3
May 27 21:45 : update: added /Abro as Portas.mp3
May 27 21:45 : update: added /Adoração e vida  Ft. Davidson Silva - Adoração e vida.mp3
May 27 21:45 : update: added /Agora Te Vejo.mp3
May 27 21:45 : update: added /Algo Novo (COM LETRA) - Jeyzer Maia feat. Jairo Bonfim - Kemuel feat. Lukas Agustinho.mp3
May 27 21:45 : update: added /A Santidade Eu Vou Buscar.mp3
May 27 21:45 : update: added /A Tua Ternura.mp3
May 27 21:45 : update: added /Bem-Aventurados os Misericordiosos (Hino Oficial da JMJ Cracóvia 2016).mp3
May 27 21:45 : update: added /Davidson Silva - Como Tu Não Há.mp3
May 27 21:45 : update: added /Diante da Tua Cruz.mp3
May 27 21:45 : update: added /Eis Que Surge.mp3
May 27 21:45 : update: added /Eterna União.mp3
May 27 21:45 : update: added /Existe um louvor - Davidson Silva - CD Tomé.mp3
May 27 21:45 : update: added /Faz Repousar.mp3
May 27 21:45 : update: added /Louvor dos Pequenos | Cantai a Deus com Alegria 2023.mp3
May 27 21:45 : update: added /Ministério Adoração e Vida - Brilhará.mp3
May 27 21:45 : update: added /Quem É Essa.mp3
May 27 21:45 : update: added /Sabedoria de Deus.mp3
May 27 21:45 : update: added /Scars leave beautiful trace.mp3
May 27 21:45 : update: added /Simples José | Eugênio Jorge.mp3
May 27 21:45 : update: added /Só por Amor a Ti.mp3
May 27 21:45 : update: added /Supercombo - Piloto Automático (Clipe Oficial).mp3
May 27 21:45 : update: added /Walmir Alencar - A esperança.mp3
May 27 21:45 : update: added /Walmir Alencar - Cenáculo de amor.mp3
May 27 21:53 : player: played "A Tua Ternura.mp3"
